#
# There is insufficient memory for the Java Runtime Environment to continue.
# Native memory allocation (mmap) failed to map 65536 bytes for Failed to commit metaspace.
# Possible reasons:
#   The system is out of physical RAM or swap space
#   The process is running with CompressedOops enabled, and the Java Heap may be blocking the growth of the native heap
# Possible solutions:
#   Reduce memory load on the system
#   Increase physical memory or swap space
#   Check if swap backing store is full
#   Decrease Java heap size (-Xmx/-Xms)
#   Decrease number of Java threads
#   Decrease Java thread stack sizes (-Xss)
#   Set larger code cache with -XX:ReservedCodeCacheSize=
#   JVM is running with Unscaled Compressed Oops mode in which the Java heap is
#     placed in the first 4GB address space. The Java Heap base address is the
#     maximum limit for the native heap growth. Please use -XX:HeapBaseMinAddress
#     to set the Java Heap base and to place the Java Heap above 4GB virtual address.
# This output file may be truncated or incomplete.
#
#  Out of Memory Error (virtualSpaceNode.cpp:110), pid=22592, tid=7624
#
# JRE version: Java(TM) SE Runtime Environment (17.0.10+11) (build 17.0.10+11-LTS-240)
# Java VM: Java HotSpot(TM) 64-Bit Server VM (17.0.10+11-LTS-240, mixed mode, emulated-client, sharing, tiered, compressed oops, compressed class ptrs, g1 gc, windows-amd64)
# No core dump will be written. Minidumps are not enabled by default on client versions of Windows
#

---------------  S U M M A R Y ------------

Command Line: -XX:TieredStopAtLevel=1 -Dspring.output.ansi.enabled=always -Dcom.sun.management.jmxremote -Dspring.jmx.enabled=true -Dspring.liveBeansView.mbeanDomain -Dspring.application.admin.enabled=true -Dmanagement.endpoints.jmx.exposure.include=* -javaagent:D:\Program Files\IntelliJ IDEA 2023.2.5\lib\idea_rt.jar=50834:D:\Program Files\IntelliJ IDEA 2023.2.5\bin -Dfile.encoding=UTF-8 com.bezkoder.springjwt.SpringBootSecurityJwtApplication

Host: Intel(R) Core(TM) i5-8250U CPU @ 1.60GHz, 8 cores, 7G,  Windows 11 , 64 bit Build 22621 (10.0.22621.3085)
Time: Tue Feb 27 14:41:05 2024 Afr. centrale Ouest elapsed time: 7.516122 seconds (0d 0h 0m 7s)

---------------  T H R E A D  ---------------

Current thread (0x000001b147cc5000):  JavaThread "background-preinit" [_thread_in_vm, id=7624, stack(0x00000025b8700000,0x00000025b8800000)]

Stack: [0x00000025b8700000,0x00000025b8800000]
Native frames: (J=compiled Java code, j=interpreted, Vv=VM code, C=native code)
V  [jvm.dll+0x677a5a]
V  [jvm.dll+0x7d8b2d]
V  [jvm.dll+0x7da48e]
V  [jvm.dll+0x7daaf3]
V  [jvm.dll+0x2455ff]
V  [jvm.dll+0x7d483b]
V  [jvm.dll+0x61dc06]
V  [jvm.dll+0x1bfa87]
V  [jvm.dll+0x620570]
V  [jvm.dll+0x61e5c6]
V  [jvm.dll+0x23afe6]
V  [jvm.dll+0x1e9d67]
V  [jvm.dll+0x1dfa01]
V  [jvm.dll+0x53d58c]
V  [jvm.dll+0x7535bd]
V  [jvm.dll+0x75351a]
V  [jvm.dll+0x40c173]
V  [jvm.dll+0x41f60c]
C  [java.dll+0x1657]

Java frames: (J=compiled Java code, j=interpreted, Vv=VM code)
J 1945  java.lang.ClassLoader.defineClass0(Ljava/lang/ClassLoader;Ljava/lang/Class;Ljava/lang/String;[BIILjava/security/ProtectionDomain;ZILjava/lang/Object;)Ljava/lang/Class; java.base@17.0.10 (0 bytes) @ 0x000001b13cdd8191 [0x000001b13cdd80a0+0x00000000000000f1]
J 1481 c1 java.lang.System$2.defineClass(Ljava/lang/ClassLoader;Ljava/lang/Class;Ljava/lang/String;[BLjava/security/ProtectionDomain;ZILjava/lang/Object;)Ljava/lang/Class; java.base@17.0.10 (21 bytes) @ 0x000001b13cd21b8c [0x000001b13cd21b20+0x000000000000006c]
J 1480 c1 java.lang.invoke.MethodHandles$Lookup$ClassDefiner.defineClass(ZLjava/lang/Object;)Ljava/lang/Class; java.base@17.0.10 (97 bytes) @ 0x000001b13cd22214 [0x000001b13cd21f00+0x0000000000000314]
j  java.lang.invoke.InvokerBytecodeGenerator.loadMethod([B)Ljava/lang/invoke/MemberName;+16 java.base@17.0.10
j  java.lang.invoke.InvokerBytecodeGenerator.generateCustomizedCode(Ljava/lang/invoke/LambdaForm;Ljava/lang/invoke/MethodType;)Ljava/lang/invoke/MemberName;+30 java.base@17.0.10
j  java.lang.invoke.LambdaForm.compileToBytecode()V+69 java.base@17.0.10
j  java.lang.invoke.DirectMethodHandle.makePreparedLambdaForm(Ljava/lang/invoke/MethodType;I)Ljava/lang/invoke/LambdaForm;+792 java.base@17.0.10
J 1210 c1 java.lang.invoke.DirectMethodHandle.preparedLambdaForm(Ljava/lang/invoke/MemberName;Z)Ljava/lang/invoke/LambdaForm; java.base@17.0.10 (244 bytes) @ 0x000001b13ccba1cc [0x000001b13ccb9f60+0x000000000000026c]
J 1297 c1 java.lang.invoke.DirectMethodHandle.make(BLjava/lang/Class;Ljava/lang/invoke/MemberName;Ljava/lang/Class;)Ljava/lang/invoke/DirectMethodHandle; java.base@17.0.10 (275 bytes) @ 0x000001b13ccdfe3c [0x000001b13ccdf900+0x000000000000053c]
J 1455 c1 java.lang.invoke.MethodHandles$Lookup.getDirectMethodCommon(BLjava/lang/Class;Ljava/lang/invoke/MemberName;ZZLjava/lang/invoke/MethodHandles$Lookup;)Ljava/lang/invoke/MethodHandle; java.base@17.0.10 (280 bytes) @ 0x000001b13cd14f2c [0x000001b13cd14b80+0x00000000000003ac]
J 1493 c1 java.lang.invoke.MethodHandles$Lookup.getDirectMethodForConstant(BLjava/lang/Class;Ljava/lang/invoke/MemberName;)Ljava/lang/invoke/MethodHandle; java.base@17.0.10 (72 bytes) @ 0x000001b13cd26a44 [0x000001b13cd26660+0x00000000000003e4]
J 1215 c1 java.lang.invoke.MethodHandles$Lookup.linkMethodHandleConstant(BLjava/lang/Class;Ljava/lang/String;Ljava/lang/Object;)Ljava/lang/invoke/MethodHandle; java.base@17.0.10 (223 bytes) @ 0x000001b13ccbd5ac [0x000001b13ccbd000+0x00000000000005ac]
J 1214 c1 java.lang.invoke.MethodHandleNatives.linkMethodHandleConstant(Ljava/lang/Class;ILjava/lang/Class;Ljava/lang/String;Ljava/lang/Object;)Ljava/lang/invoke/MethodHandle; java.base@17.0.10 (50 bytes) @ 0x000001b13ccbca9c [0x000001b13ccbca40+0x000000000000005c]
v  ~StubRoutines::call_stub
j  org.springframework.http.converter.json.Jackson2ObjectMapperBuilder.configure(Lcom/fasterxml/jackson/databind/ObjectMapper;)V+360
j  org.springframework.http.converter.json.Jackson2ObjectMapperBuilder.build()Lcom/fasterxml/jackson/databind/ObjectMapper;+87
j  org.springframework.http.converter.json.MappingJackson2HttpMessageConverter.<init>()V+4
j  org.springframework.http.converter.support.AllEncompassingFormHttpMessageConverter.<init>()V+55
j  org.springframework.boot.autoconfigure.BackgroundPreinitializer$MessageConverterInitializer.run()V+4
j  org.springframework.boot.autoconfigure.BackgroundPreinitializer$1.runSafely(Ljava/lang/Runnable;)Z+1
j  org.springframework.boot.autoconfigure.BackgroundPreinitializer$1.run()V+32
j  java.lang.Thread.run()V+11 java.base@17.0.10
v  ~StubRoutines::call_stub

---------------  P R O C E S S  ---------------

Threads class SMR info:
_java_thread_list=0x000001b147e4e3d0, length=18, elements={
0x000001b147070e60, 0x000001b147072cf0, 0x000001b1470859d0, 0x000001b1470861a0,
0x000001b147087110, 0x000001b14708b2b0, 0x000001b1470939e0, 0x000001b147093ff0,
0x000001b1472d2050, 0x000001b14705ac00, 0x000001b1476440d0, 0x000001b147699360,
0x000001b1477d82b0, 0x000001b147cc7ff0, 0x000001b147cc5000, 0x000001b147cfe980,
0x000001b18d65f1b0, 0x000001b18d661520
}

Java Threads: ( => current thread )
  0x000001b147070e60 JavaThread "Reference Handler" daemon [_thread_blocked, id=17776, stack(0x00000025b7200000,0x00000025b7300000)]
  0x000001b147072cf0 JavaThread "Finalizer" daemon [_thread_blocked, id=23688, stack(0x00000025b7300000,0x00000025b7400000)]
  0x000001b1470859d0 JavaThread "Signal Dispatcher" daemon [_thread_blocked, id=18208, stack(0x00000025b7400000,0x00000025b7500000)]
  0x000001b1470861a0 JavaThread "Attach Listener" daemon [_thread_blocked, id=19312, stack(0x00000025b7500000,0x00000025b7600000)]
  0x000001b147087110 JavaThread "Service Thread" daemon [_thread_blocked, id=12696, stack(0x00000025b7600000,0x00000025b7700000)]
  0x000001b14708b2b0 JavaThread "Monitor Deflation Thread" daemon [_thread_blocked, id=3464, stack(0x00000025b7700000,0x00000025b7800000)]
  0x000001b1470939e0 JavaThread "C1 CompilerThread0" daemon [_thread_blocked, id=18140, stack(0x00000025b7800000,0x00000025b7900000)]
  0x000001b147093ff0 JavaThread "Sweeper thread" daemon [_thread_blocked, id=9824, stack(0x00000025b7900000,0x00000025b7a00000)]
  0x000001b1472d2050 JavaThread "Common-Cleaner" daemon [_thread_blocked, id=12492, stack(0x00000025b7a00000,0x00000025b7b00000)]
  0x000001b14705ac00 JavaThread "C1 CompilerThread1" daemon [_thread_blocked, id=20956, stack(0x00000025b7b00000,0x00000025b7c00000)]
  0x000001b1476440d0 JavaThread "Monitor Ctrl-Break" daemon [_thread_in_native, id=20672, stack(0x00000025b7c00000,0x00000025b7d00000)]
  0x000001b147699360 JavaThread "Notification Thread" daemon [_thread_blocked, id=19008, stack(0x00000025b7d00000,0x00000025b7e00000)]
  0x000001b1477d82b0 JavaThread "RMI TCP Accept-0" daemon [_thread_in_native, id=25376, stack(0x00000025b7e00000,0x00000025b7f00000)]
  0x000001b147cc7ff0 JavaThread "RMI TCP Connection(1)-192.168.2.1" daemon [_thread_in_native, id=23880, stack(0x00000025b8600000,0x00000025b8700000)]
=>0x000001b147cc5000 JavaThread "background-preinit" [_thread_in_vm, id=7624, stack(0x00000025b8700000,0x00000025b8800000)]
  0x000001b147cfe980 JavaThread "RMI Scheduler(0)" daemon [_thread_blocked, id=6520, stack(0x00000025b8800000,0x00000025b8900000)]
  0x000001b18d65f1b0 JavaThread "DestroyJavaVM" [_thread_blocked, id=25720, stack(0x00000025b6b00000,0x00000025b6c00000)]
  0x000001b18d661520 JavaThread "JMX server connection timeout 26" daemon [_thread_blocked, id=3664, stack(0x00000025b8a00000,0x00000025b8b00000)]

Other Threads:
  0x000001b14706c6c0 VMThread "VM Thread" [stack: 0x00000025b7100000,0x00000025b7200000] [id=24368]
  0x000001b1350c0680 WatcherThread [stack: 0x00000025b7f00000,0x00000025b8000000] [id=21936]
  0x000001b13511bcd0 GCTaskThread "GC Thread#0" [stack: 0x00000025b6c00000,0x00000025b6d00000] [id=17612]
  0x000001b147b68a20 GCTaskThread "GC Thread#1" [stack: 0x00000025b8000000,0x00000025b8100000] [id=26056]
  0x000001b147b68ce0 GCTaskThread "GC Thread#2" [stack: 0x00000025b8100000,0x00000025b8200000] [id=14848]
  0x000001b147ba78e0 GCTaskThread "GC Thread#3" [stack: 0x00000025b8200000,0x00000025b8300000] [id=1576]
  0x000001b147ba9bb0 GCTaskThread "GC Thread#4" [stack: 0x00000025b8300000,0x00000025b8400000] [id=17956]
  0x000001b147ba9e70 GCTaskThread "GC Thread#5" [stack: 0x00000025b8400000,0x00000025b8500000] [id=18224]
  0x000001b147baa130 GCTaskThread "GC Thread#6" [stack: 0x00000025b8500000,0x00000025b8600000] [id=22060]
  0x000001b147e3a990 GCTaskThread "GC Thread#7" [stack: 0x00000025b8900000,0x00000025b8a00000] [id=17484]
  0x000001b13512c960 ConcurrentGCThread "G1 Main Marker" [stack: 0x00000025b6d00000,0x00000025b6e00000] [id=26396]
  0x000001b13512e380 ConcurrentGCThread "G1 Conc#0" [stack: 0x00000025b6e00000,0x00000025b6f00000] [id=1572]
  0x000001b13517e2c0 ConcurrentGCThread "G1 Refine#0" [stack: 0x00000025b6f00000,0x00000025b7000000] [id=10604]
  0x000001b146f284f0 ConcurrentGCThread "G1 Service" [stack: 0x00000025b7000000,0x00000025b7100000] [id=13608]

Threads with active compile tasks:

VM state: not at safepoint (normal execution)

VM Mutex/Monitor currently owned by a thread:  ([mutex/lock_event])
[0x000001b1350b9a80] Metaspace_lock - owner thread: 0x000001b147cc5000

OutOfMemory and StackOverflow Exception counts:
OutOfMemoryError java_heap_errors=1
LinkageErrors=56

Heap address: 0x0000000081600000, size: 2026 MB, Compressed Oops mode: 32-bit

CDS archive(s) mapped at: [0x000001b148000000-0x000001b148bd0000-0x000001b148bd0000), size 12386304, SharedBaseAddress: 0x000001b148000000, ArchiveRelocationMode: 1.
Compressed class space mapped at: 0x000001b149000000-0x000001b189000000, reserved size: 1073741824
Narrow klass base: 0x000001b148000000, Narrow klass shift: 0, Narrow klass range: 0x100000000

GC Precious Log:
 CPUs: 8 total, 8 available
 Memory: 8101M
 Large Page Support: Disabled
 NUMA Support: Disabled
 Compressed Oops: Enabled (32-bit)
 Heap Region Size: 1M
 Heap Min Capacity: 8M
 Heap Initial Capacity: 128M
 Heap Max Capacity: 2026M
 Pre-touch: Disabled
 Parallel Workers: 8
 Concurrent Workers: 2
 Concurrent Refinement Workers: 8
 Periodic GC: Disabled

Heap:
 garbage-first heap   total 131072K, used 40693K [0x0000000081600000, 0x0000000100000000)
  region size 1024K, 35 young (35840K), 3 survivors (3072K)
 Metaspace       used 20013K, committed 20288K, reserved 1114112K
  class space    used 2766K, committed 2880K, reserved 1048576K

Heap Regions: E=young(eden), S=young(survivor), O=old, HS=humongous(starts), HC=humongous(continues), CS=collection set, F=free, OA=open archive, CA=closed archive, TAMS=top-at-mark-start (previous, next)
|   0|0x0000000081600000, 0x0000000081700000, 0x0000000081700000|100%|HS|  |TAMS 0x0000000081600000, 0x0000000081600000| Complete 
|   1|0x0000000081700000, 0x0000000081800000, 0x0000000081800000|100%| O|  |TAMS 0x0000000081700000, 0x0000000081700000| Untracked 
|   2|0x0000000081800000, 0x0000000081900000, 0x0000000081900000|100%| O|  |TAMS 0x0000000081800000, 0x0000000081800000| Untracked 
|   3|0x0000000081900000, 0x0000000081a00000, 0x0000000081a00000|100%| O|  |TAMS 0x0000000081900000, 0x0000000081900000| Untracked 
|   4|0x0000000081a00000, 0x0000000081b00000, 0x0000000081b00000|100%| O|  |TAMS 0x0000000081a00000, 0x0000000081a00000| Untracked 
|   5|0x0000000081b00000, 0x0000000081c00000, 0x0000000081c00000|100%| O|  |TAMS 0x0000000081b00000, 0x0000000081b00000| Untracked 
|   6|0x0000000081c00000, 0x0000000081d00000, 0x0000000081d00000|100%| O|  |TAMS 0x0000000081c00000, 0x0000000081c00000| Untracked 
|   7|0x0000000081d00000, 0x0000000081d97600, 0x0000000081e00000| 59%| O|  |TAMS 0x0000000081d00000, 0x0000000081d00000| Untracked 
|   8|0x0000000081e00000, 0x0000000081e00000, 0x0000000081f00000|  0%| F|  |TAMS 0x0000000081e00000, 0x0000000081e00000| Untracked 
|   9|0x0000000081f00000, 0x0000000081f00000, 0x0000000082000000|  0%| F|  |TAMS 0x0000000081f00000, 0x0000000081f00000| Untracked 
|  10|0x0000000082000000, 0x0000000082000000, 0x0000000082100000|  0%| F|  |TAMS 0x0000000082000000, 0x0000000082000000| Untracked 
|  11|0x0000000082100000, 0x0000000082100000, 0x0000000082200000|  0%| F|  |TAMS 0x0000000082100000, 0x0000000082100000| Untracked 
|  12|0x0000000082200000, 0x0000000082200000, 0x0000000082300000|  0%| F|  |TAMS 0x0000000082200000, 0x0000000082200000| Untracked 
|  13|0x0000000082300000, 0x0000000082300000, 0x0000000082400000|  0%| F|  |TAMS 0x0000000082300000, 0x0000000082300000| Untracked 
|  14|0x0000000082400000, 0x0000000082400000, 0x0000000082500000|  0%| F|  |TAMS 0x0000000082400000, 0x0000000082400000| Untracked 
|  15|0x0000000082500000, 0x0000000082500000, 0x0000000082600000|  0%| F|  |TAMS 0x0000000082500000, 0x0000000082500000| Untracked 
|  16|0x0000000082600000, 0x0000000082600000, 0x0000000082700000|  0%| F|  |TAMS 0x0000000082600000, 0x0000000082600000| Untracked 
|  17|0x0000000082700000, 0x0000000082700000, 0x0000000082800000|  0%| F|  |TAMS 0x0000000082700000, 0x0000000082700000| Untracked 
|  18|0x0000000082800000, 0x0000000082800000, 0x0000000082900000|  0%| F|  |TAMS 0x0000000082800000, 0x0000000082800000| Untracked 
|  19|0x0000000082900000, 0x0000000082900000, 0x0000000082a00000|  0%| F|  |TAMS 0x0000000082900000, 0x0000000082900000| Untracked 
|  20|0x0000000082a00000, 0x0000000082a00000, 0x0000000082b00000|  0%| F|  |TAMS 0x0000000082a00000, 0x0000000082a00000| Untracked 
|  21|0x0000000082b00000, 0x0000000082b00000, 0x0000000082c00000|  0%| F|  |TAMS 0x0000000082b00000, 0x0000000082b00000| Untracked 
|  22|0x0000000082c00000, 0x0000000082c00000, 0x0000000082d00000|  0%| F|  |TAMS 0x0000000082c00000, 0x0000000082c00000| Untracked 
|  23|0x0000000082d00000, 0x0000000082d00000, 0x0000000082e00000|  0%| F|  |TAMS 0x0000000082d00000, 0x0000000082d00000| Untracked 
|  24|0x0000000082e00000, 0x0000000082e00000, 0x0000000082f00000|  0%| F|  |TAMS 0x0000000082e00000, 0x0000000082e00000| Untracked 
|  25|0x0000000082f00000, 0x0000000082f00000, 0x0000000083000000|  0%| F|  |TAMS 0x0000000082f00000, 0x0000000082f00000| Untracked 
|  26|0x0000000083000000, 0x0000000083000000, 0x0000000083100000|  0%| F|  |TAMS 0x0000000083000000, 0x0000000083000000| Untracked 
|  27|0x0000000083100000, 0x0000000083100000, 0x0000000083200000|  0%| F|  |TAMS 0x0000000083100000, 0x0000000083100000| Untracked 
|  28|0x0000000083200000, 0x0000000083200000, 0x0000000083300000|  0%| F|  |TAMS 0x0000000083200000, 0x0000000083200000| Untracked 
|  29|0x0000000083300000, 0x0000000083300000, 0x0000000083400000|  0%| F|  |TAMS 0x0000000083300000, 0x0000000083300000| Untracked 
|  30|0x0000000083400000, 0x0000000083400000, 0x0000000083500000|  0%| F|  |TAMS 0x0000000083400000, 0x0000000083400000| Untracked 
|  31|0x0000000083500000, 0x0000000083500000, 0x0000000083600000|  0%| F|  |TAMS 0x0000000083500000, 0x0000000083500000| Untracked 
|  32|0x0000000083600000, 0x0000000083600000, 0x0000000083700000|  0%| F|  |TAMS 0x0000000083600000, 0x0000000083600000| Untracked 
|  33|0x0000000083700000, 0x0000000083700000, 0x0000000083800000|  0%| F|  |TAMS 0x0000000083700000, 0x0000000083700000| Untracked 
|  34|0x0000000083800000, 0x0000000083800000, 0x0000000083900000|  0%| F|  |TAMS 0x0000000083800000, 0x0000000083800000| Untracked 
|  35|0x0000000083900000, 0x0000000083900000, 0x0000000083a00000|  0%| F|  |TAMS 0x0000000083900000, 0x0000000083900000| Untracked 
|  36|0x0000000083a00000, 0x0000000083a00000, 0x0000000083b00000|  0%| F|  |TAMS 0x0000000083a00000, 0x0000000083a00000| Untracked 
|  37|0x0000000083b00000, 0x0000000083b00000, 0x0000000083c00000|  0%| F|  |TAMS 0x0000000083b00000, 0x0000000083b00000| Untracked 
|  38|0x0000000083c00000, 0x0000000083c00000, 0x0000000083d00000|  0%| F|  |TAMS 0x0000000083c00000, 0x0000000083c00000| Untracked 
|  39|0x0000000083d00000, 0x0000000083d00000, 0x0000000083e00000|  0%| F|  |TAMS 0x0000000083d00000, 0x0000000083d00000| Untracked 
|  40|0x0000000083e00000, 0x0000000083e00000, 0x0000000083f00000|  0%| F|  |TAMS 0x0000000083e00000, 0x0000000083e00000| Untracked 
|  41|0x0000000083f00000, 0x0000000083f00000, 0x0000000084000000|  0%| F|  |TAMS 0x0000000083f00000, 0x0000000083f00000| Untracked 
|  42|0x0000000084000000, 0x0000000084000000, 0x0000000084100000|  0%| F|  |TAMS 0x0000000084000000, 0x0000000084000000| Untracked 
|  43|0x0000000084100000, 0x0000000084100000, 0x0000000084200000|  0%| F|  |TAMS 0x0000000084100000, 0x0000000084100000| Untracked 
|  44|0x0000000084200000, 0x0000000084200000, 0x0000000084300000|  0%| F|  |TAMS 0x0000000084200000, 0x0000000084200000| Untracked 
|  45|0x0000000084300000, 0x0000000084300000, 0x0000000084400000|  0%| F|  |TAMS 0x0000000084300000, 0x0000000084300000| Untracked 
|  46|0x0000000084400000, 0x0000000084400000, 0x0000000084500000|  0%| F|  |TAMS 0x0000000084400000, 0x0000000084400000| Untracked 
|  47|0x0000000084500000, 0x0000000084500000, 0x0000000084600000|  0%| F|  |TAMS 0x0000000084500000, 0x0000000084500000| Untracked 
|  48|0x0000000084600000, 0x0000000084600000, 0x0000000084700000|  0%| F|  |TAMS 0x0000000084600000, 0x0000000084600000| Untracked 
|  49|0x0000000084700000, 0x0000000084700000, 0x0000000084800000|  0%| F|  |TAMS 0x0000000084700000, 0x0000000084700000| Untracked 
|  50|0x0000000084800000, 0x0000000084800000, 0x0000000084900000|  0%| F|  |TAMS 0x0000000084800000, 0x0000000084800000| Untracked 
|  51|0x0000000084900000, 0x0000000084900000, 0x0000000084a00000|  0%| F|  |TAMS 0x0000000084900000, 0x0000000084900000| Untracked 
|  52|0x0000000084a00000, 0x0000000084a00000, 0x0000000084b00000|  0%| F|  |TAMS 0x0000000084a00000, 0x0000000084a00000| Untracked 
|  53|0x0000000084b00000, 0x0000000084b00000, 0x0000000084c00000|  0%| F|  |TAMS 0x0000000084b00000, 0x0000000084b00000| Untracked 
|  54|0x0000000084c00000, 0x0000000084c00000, 0x0000000084d00000|  0%| F|  |TAMS 0x0000000084c00000, 0x0000000084c00000| Untracked 
|  55|0x0000000084d00000, 0x0000000084d00000, 0x0000000084e00000|  0%| F|  |TAMS 0x0000000084d00000, 0x0000000084d00000| Untracked 
|  56|0x0000000084e00000, 0x0000000084e00000, 0x0000000084f00000|  0%| F|  |TAMS 0x0000000084e00000, 0x0000000084e00000| Untracked 
|  57|0x0000000084f00000, 0x0000000084f00000, 0x0000000085000000|  0%| F|  |TAMS 0x0000000084f00000, 0x0000000084f00000| Untracked 
|  58|0x0000000085000000, 0x0000000085000000, 0x0000000085100000|  0%| F|  |TAMS 0x0000000085000000, 0x0000000085000000| Untracked 
|  59|0x0000000085100000, 0x0000000085100000, 0x0000000085200000|  0%| F|  |TAMS 0x0000000085100000, 0x0000000085100000| Untracked 
|  60|0x0000000085200000, 0x0000000085200000, 0x0000000085300000|  0%| F|  |TAMS 0x0000000085200000, 0x0000000085200000| Untracked 
|  61|0x0000000085300000, 0x0000000085300000, 0x0000000085400000|  0%| F|  |TAMS 0x0000000085300000, 0x0000000085300000| Untracked 
|  62|0x0000000085400000, 0x0000000085400000, 0x0000000085500000|  0%| F|  |TAMS 0x0000000085400000, 0x0000000085400000| Untracked 
|  63|0x0000000085500000, 0x0000000085500000, 0x0000000085600000|  0%| F|  |TAMS 0x0000000085500000, 0x0000000085500000| Untracked 
|  64|0x0000000085600000, 0x0000000085600000, 0x0000000085700000|  0%| F|  |TAMS 0x0000000085600000, 0x0000000085600000| Untracked 
|  65|0x0000000085700000, 0x0000000085700000, 0x0000000085800000|  0%| F|  |TAMS 0x0000000085700000, 0x0000000085700000| Untracked 
|  66|0x0000000085800000, 0x0000000085800000, 0x0000000085900000|  0%| F|  |TAMS 0x0000000085800000, 0x0000000085800000| Untracked 
|  67|0x0000000085900000, 0x0000000085900000, 0x0000000085a00000|  0%| F|  |TAMS 0x0000000085900000, 0x0000000085900000| Untracked 
|  68|0x0000000085a00000, 0x0000000085a00000, 0x0000000085b00000|  0%| F|  |TAMS 0x0000000085a00000, 0x0000000085a00000| Untracked 
|  69|0x0000000085b00000, 0x0000000085b00000, 0x0000000085c00000|  0%| F|  |TAMS 0x0000000085b00000, 0x0000000085b00000| Untracked 
|  70|0x0000000085c00000, 0x0000000085c00000, 0x0000000085d00000|  0%| F|  |TAMS 0x0000000085c00000, 0x0000000085c00000| Untracked 
|  71|0x0000000085d00000, 0x0000000085d00000, 0x0000000085e00000|  0%| F|  |TAMS 0x0000000085d00000, 0x0000000085d00000| Untracked 
|  72|0x0000000085e00000, 0x0000000085e00000, 0x0000000085f00000|  0%| F|  |TAMS 0x0000000085e00000, 0x0000000085e00000| Untracked 
|  73|0x0000000085f00000, 0x0000000085f00000, 0x0000000086000000|  0%| F|  |TAMS 0x0000000085f00000, 0x0000000085f00000| Untracked 
|  74|0x0000000086000000, 0x0000000086000000, 0x0000000086100000|  0%| F|  |TAMS 0x0000000086000000, 0x0000000086000000| Untracked 
|  75|0x0000000086100000, 0x0000000086100000, 0x0000000086200000|  0%| F|  |TAMS 0x0000000086100000, 0x0000000086100000| Untracked 
|  76|0x0000000086200000, 0x0000000086200000, 0x0000000086300000|  0%| F|  |TAMS 0x0000000086200000, 0x0000000086200000| Untracked 
|  77|0x0000000086300000, 0x0000000086300000, 0x0000000086400000|  0%| F|  |TAMS 0x0000000086300000, 0x0000000086300000| Untracked 
|  78|0x0000000086400000, 0x0000000086400000, 0x0000000086500000|  0%| F|  |TAMS 0x0000000086400000, 0x0000000086400000| Untracked 
|  79|0x0000000086500000, 0x0000000086500000, 0x0000000086600000|  0%| F|  |TAMS 0x0000000086500000, 0x0000000086500000| Untracked 
|  80|0x0000000086600000, 0x0000000086600000, 0x0000000086700000|  0%| F|  |TAMS 0x0000000086600000, 0x0000000086600000| Untracked 
|  81|0x0000000086700000, 0x0000000086700000, 0x0000000086800000|  0%| F|  |TAMS 0x0000000086700000, 0x0000000086700000| Untracked 
|  82|0x0000000086800000, 0x0000000086800000, 0x0000000086900000|  0%| F|  |TAMS 0x0000000086800000, 0x0000000086800000| Untracked 
|  83|0x0000000086900000, 0x0000000086900000, 0x0000000086a00000|  0%| F|  |TAMS 0x0000000086900000, 0x0000000086900000| Untracked 
|  84|0x0000000086a00000, 0x0000000086a00000, 0x0000000086b00000|  0%| F|  |TAMS 0x0000000086a00000, 0x0000000086a00000| Untracked 
|  85|0x0000000086b00000, 0x0000000086b00000, 0x0000000086c00000|  0%| F|  |TAMS 0x0000000086b00000, 0x0000000086b00000| Untracked 
|  86|0x0000000086c00000, 0x0000000086c00000, 0x0000000086d00000|  0%| F|  |TAMS 0x0000000086c00000, 0x0000000086c00000| Untracked 
|  87|0x0000000086d00000, 0x0000000086d00000, 0x0000000086e00000|  0%| F|  |TAMS 0x0000000086d00000, 0x0000000086d00000| Untracked 
|  88|0x0000000086e00000, 0x0000000086e00000, 0x0000000086f00000|  0%| F|  |TAMS 0x0000000086e00000, 0x0000000086e00000| Untracked 
|  89|0x0000000086f00000, 0x0000000086f00000, 0x0000000087000000|  0%| F|  |TAMS 0x0000000086f00000, 0x0000000086f00000| Untracked 
|  90|0x0000000087000000, 0x0000000087000000, 0x0000000087100000|  0%| F|  |TAMS 0x0000000087000000, 0x0000000087000000| Untracked 
|  91|0x0000000087100000, 0x0000000087100000, 0x0000000087200000|  0%| F|  |TAMS 0x0000000087100000, 0x0000000087100000| Untracked 
|  92|0x0000000087200000, 0x0000000087200000, 0x0000000087300000|  0%| F|  |TAMS 0x0000000087200000, 0x0000000087200000| Untracked 
|  93|0x0000000087300000, 0x0000000087400000, 0x0000000087400000|100%| E|  |TAMS 0x0000000087300000, 0x0000000087300000| Complete 
|  94|0x0000000087400000, 0x0000000087500000, 0x0000000087500000|100%| E|CS|TAMS 0x0000000087400000, 0x0000000087400000| Complete 
|  95|0x0000000087500000, 0x0000000087600000, 0x0000000087600000|100%| E|CS|TAMS 0x0000000087500000, 0x0000000087500000| Complete 
|  96|0x0000000087600000, 0x0000000087700000, 0x0000000087700000|100%| E|  |TAMS 0x0000000087600000, 0x0000000087600000| Complete 
|  97|0x0000000087700000, 0x0000000087725f38, 0x0000000087800000| 14%| S|CS|TAMS 0x0000000087700000, 0x0000000087700000| Complete 
|  98|0x0000000087800000, 0x0000000087900000, 0x0000000087900000|100%| S|CS|TAMS 0x0000000087800000, 0x0000000087800000| Complete 
|  99|0x0000000087900000, 0x0000000087a00000, 0x0000000087a00000|100%| S|CS|TAMS 0x0000000087900000, 0x0000000087900000| Complete 
| 100|0x0000000087a00000, 0x0000000087b00000, 0x0000000087b00000|100%| E|CS|TAMS 0x0000000087a00000, 0x0000000087a00000| Complete 
| 101|0x0000000087b00000, 0x0000000087c00000, 0x0000000087c00000|100%| E|CS|TAMS 0x0000000087b00000, 0x0000000087b00000| Complete 
| 102|0x0000000087c00000, 0x0000000087d00000, 0x0000000087d00000|100%| E|CS|TAMS 0x0000000087c00000, 0x0000000087c00000| Complete 
| 103|0x0000000087d00000, 0x0000000087e00000, 0x0000000087e00000|100%| E|CS|TAMS 0x0000000087d00000, 0x0000000087d00000| Complete 
| 104|0x0000000087e00000, 0x0000000087f00000, 0x0000000087f00000|100%| E|CS|TAMS 0x0000000087e00000, 0x0000000087e00000| Complete 
| 105|0x0000000087f00000, 0x0000000088000000, 0x0000000088000000|100%| E|CS|TAMS 0x0000000087f00000, 0x0000000087f00000| Complete 
| 106|0x0000000088000000, 0x0000000088100000, 0x0000000088100000|100%| E|CS|TAMS 0x0000000088000000, 0x0000000088000000| Complete 
| 107|0x0000000088100000, 0x0000000088200000, 0x0000000088200000|100%| E|CS|TAMS 0x0000000088100000, 0x0000000088100000| Complete 
| 108|0x0000000088200000, 0x0000000088300000, 0x0000000088300000|100%| E|CS|TAMS 0x0000000088200000, 0x0000000088200000| Complete 
| 109|0x0000000088300000, 0x0000000088400000, 0x0000000088400000|100%| E|CS|TAMS 0x0000000088300000, 0x0000000088300000| Complete 
| 110|0x0000000088400000, 0x0000000088500000, 0x0000000088500000|100%| E|CS|TAMS 0x0000000088400000, 0x0000000088400000| Complete 
| 111|0x0000000088500000, 0x0000000088600000, 0x0000000088600000|100%| E|CS|TAMS 0x0000000088500000, 0x0000000088500000| Complete 
| 112|0x0000000088600000, 0x0000000088700000, 0x0000000088700000|100%| E|CS|TAMS 0x0000000088600000, 0x0000000088600000| Complete 
| 113|0x0000000088700000, 0x0000000088800000, 0x0000000088800000|100%| E|CS|TAMS 0x0000000088700000, 0x0000000088700000| Complete 
| 114|0x0000000088800000, 0x0000000088900000, 0x0000000088900000|100%| E|CS|TAMS 0x0000000088800000, 0x0000000088800000| Complete 
| 115|0x0000000088900000, 0x0000000088a00000, 0x0000000088a00000|100%| E|CS|TAMS 0x0000000088900000, 0x0000000088900000| Complete 
| 116|0x0000000088a00000, 0x0000000088b00000, 0x0000000088b00000|100%| E|CS|TAMS 0x0000000088a00000, 0x0000000088a00000| Complete 
| 117|0x0000000088b00000, 0x0000000088c00000, 0x0000000088c00000|100%| E|CS|TAMS 0x0000000088b00000, 0x0000000088b00000| Complete 
| 118|0x0000000088c00000, 0x0000000088d00000, 0x0000000088d00000|100%| E|CS|TAMS 0x0000000088c00000, 0x0000000088c00000| Complete 
| 119|0x0000000088d00000, 0x0000000088e00000, 0x0000000088e00000|100%| E|CS|TAMS 0x0000000088d00000, 0x0000000088d00000| Complete 
| 120|0x0000000088e00000, 0x0000000088f00000, 0x0000000088f00000|100%| E|CS|TAMS 0x0000000088e00000, 0x0000000088e00000| Complete 
| 121|0x0000000088f00000, 0x0000000089000000, 0x0000000089000000|100%| E|CS|TAMS 0x0000000088f00000, 0x0000000088f00000| Complete 
| 122|0x0000000089000000, 0x0000000089100000, 0x0000000089100000|100%| E|CS|TAMS 0x0000000089000000, 0x0000000089000000| Complete 
| 123|0x0000000089100000, 0x0000000089200000, 0x0000000089200000|100%| E|CS|TAMS 0x0000000089100000, 0x0000000089100000| Complete 
| 124|0x0000000089200000, 0x0000000089300000, 0x0000000089300000|100%| E|CS|TAMS 0x0000000089200000, 0x0000000089200000| Complete 
| 125|0x0000000089300000, 0x0000000089400000, 0x0000000089400000|100%| E|CS|TAMS 0x0000000089300000, 0x0000000089300000| Complete 
| 126|0x0000000089400000, 0x0000000089500000, 0x0000000089500000|100%| E|CS|TAMS 0x0000000089400000, 0x0000000089400000| Complete 
| 127|0x0000000089500000, 0x0000000089600000, 0x0000000089600000|100%| E|CS|TAMS 0x0000000089500000, 0x0000000089500000| Complete 

Card table byte_map: [0x000001b13fe80000,0x000001b140280000] _byte_map_base: 0x000001b13fa75000

Marking Bits (Prev, Next): (CMBitMap*) 0x000001b13511c2f0, (CMBitMap*) 0x000001b13511c330
 Prev Bits: [0x000001b140680000, 0x000001b142628000)
 Next Bits: [0x000001b142630000, 0x000001b1445d8000)

Polling page: 0x000001b134880000

Metaspace:

Usage:
  Non-class:     16.84 MB used.
      Class:      2.70 MB used.
       Both:     19.54 MB used.

Virtual space:
  Non-class space:       64.00 MB reserved,      17.00 MB ( 27%) committed,  1 nodes.
      Class space:        1.00 GB reserved,       2.81 MB ( <1%) committed,  1 nodes.
             Both:        1.06 GB reserved,      19.81 MB (  2%) committed. 

Chunk freelists:
   Non-Class:  14.87 MB
       Class:  13.09 MB
        Both:  27.97 MB

MaxMetaspaceSize: unlimited
CompressedClassSpaceSize: 1.00 GB
Initial GC threshold: 21.00 MB
Current GC threshold: 21.00 MB
CDS: on
MetaspaceReclaimPolicy: balanced
 - commit_granule_bytes: 65536.
 - commit_granule_words: 8192.
 - virtual_space_node_default_size: 8388608.
 - enlarge_chunks_in_place: 1.
 - new_chunks_are_fully_committed: 0.
 - uncommit_free_chunks: 1.
 - use_allocation_guard: 0.
 - handle_deallocations: 1.


Internal statistics:

num_allocs_failed_limit: 0.
num_arena_births: 286.
num_arena_deaths: 0.
num_vsnodes_births: 2.
num_vsnodes_deaths: 0.
num_space_committed: 317.
num_space_uncommitted: 0.
num_chunks_returned_to_freelist: 0.
num_chunks_taken_from_freelist: 900.
num_chunk_merges: 0.
num_chunk_splits: 612.
num_chunks_enlarged: 461.
num_inconsistent_stats: 0.

CodeCache: size=49152Kb used=5167Kb max_used=5167Kb free=43984Kb
 bounds [0x000001b13c960000, 0x000001b13ce70000, 0x000001b13f960000]
 total_blobs=2810 nmethods=2302 adapters=434
 compilation: enabled
              stopped_count=0, restarted_count=0
 full_count=0

Compilation events (20 events):
Event: 7.054 Thread 0x000001b1470939e0 nmethod 2275 0x000001b13ce61410 code [0x000001b13ce615c0, 0x000001b13ce61748]
Event: 7.054 Thread 0x000001b1470939e0 2277       1       java.io.ObjectOutputStream$BlockDataOutputStream::writeInt (46 bytes)
Event: 7.054 Thread 0x000001b14705ac00 nmethod 2276 0x000001b13ce61810 code [0x000001b13ce619e0, 0x000001b13ce61bf8]
Event: 7.054 Thread 0x000001b14705ac00 2278       1       java.io.ObjectStreamClass::getPrimDataSize (5 bytes)
Event: 7.054 Thread 0x000001b14705ac00 nmethod 2278 0x000001b13ce61d90 code [0x000001b13ce61f20, 0x000001b13ce61ff8]
Event: 7.054 Thread 0x000001b1470939e0 nmethod 2277 0x000001b13ce62090 code [0x000001b13ce62240, 0x000001b13ce623b8]
Event: 7.054 Thread 0x000001b14705ac00 2279       1       java.io.ObjectStreamClass::getNumObjFields (5 bytes)
Event: 7.054 Thread 0x000001b14705ac00 nmethod 2279 0x000001b13ce62490 code [0x000001b13ce62620, 0x000001b13ce626f8]
Event: 7.225 Thread 0x000001b14705ac00 2280       1       java.util.jar.JarFile$JarFileEntry::getRealName (5 bytes)
Event: 7.225 Thread 0x000001b14705ac00 nmethod 2280 0x000001b13ce63090 code [0x000001b13ce63220, 0x000001b13ce632f8]
Event: 7.242 Thread 0x000001b14705ac00 2281       1       java.util.zip.ZipEntry::setExtra0 (493 bytes)
Event: 7.248 Thread 0x000001b14705ac00 nmethod 2281 0x000001b13ce63390 code [0x000001b13ce635e0, 0x000001b13ce64e28]
Event: 7.451 Thread 0x000001b14705ac00 2282       1       java.lang.invoke.BoundMethodHandle$Species_L::<init> (12 bytes)
Event: 7.451 Thread 0x000001b14705ac00 nmethod 2282 0x000001b13ce65890 code [0x000001b13ce65a20, 0x000001b13ce65b68]
Event: 7.455 Thread 0x000001b14705ac00 2283       1       java.lang.Class::protectionDomain (48 bytes)
Event: 7.456 Thread 0x000001b14705ac00 nmethod 2283 0x000001b13ce66090 code [0x000001b13ce66280, 0x000001b13ce66658]
Event: 7.470 Thread 0x000001b14705ac00 2286       1       java.lang.invoke.MemberName::equals (69 bytes)
Event: 7.471 Thread 0x000001b14705ac00 nmethod 2286 0x000001b13ce66a90 code [0x000001b13ce66c80, 0x000001b13ce67038]
Event: 7.476 Thread 0x000001b1470939e0 2288       1       java.lang.invoke.LambdaForm$DMH/0x000001b14910c000::invokeStatic (31 bytes)
Event: 7.477 Thread 0x000001b1470939e0 nmethod 2288 0x000001b13ce67490 code [0x000001b13ce67640, 0x000001b13ce67738]

GC Heap History (4 events):
Event: 4.572 GC heap before
{Heap before GC invocations=0 (full 0):
 garbage-first heap   total 131072K, used 23552K [0x0000000081600000, 0x0000000100000000)
  region size 1024K, 23 young (23552K), 0 survivors (0K)
 Metaspace       used 7904K, committed 8064K, reserved 1114112K
  class space    used 1020K, committed 1088K, reserved 1048576K
}
Event: 4.615 GC heap after
{Heap after GC invocations=1 (full 0):
 garbage-first heap   total 131072K, used 7492K [0x0000000081600000, 0x0000000100000000)
  region size 1024K, 3 young (3072K), 3 survivors (3072K)
 Metaspace       used 7904K, committed 8064K, reserved 1114112K
  class space    used 1020K, committed 1088K, reserved 1048576K
}
Event: 6.094 GC heap before
{Heap before GC invocations=1 (full 0):
 garbage-first heap   total 131072K, used 32068K [0x0000000081600000, 0x0000000100000000)
  region size 1024K, 28 young (28672K), 3 survivors (3072K)
 Metaspace       used 13315K, committed 13568K, reserved 1114112K
  class space    used 1852K, committed 1984K, reserved 1048576K
}
Event: 6.105 GC heap after
{Heap after GC invocations=2 (full 0):
 garbage-first heap   total 131072K, used 9973K [0x0000000081600000, 0x0000000100000000)
  region size 1024K, 3 young (3072K), 3 survivors (3072K)
 Metaspace       used 13315K, committed 13568K, reserved 1114112K
  class space    used 1852K, committed 1984K, reserved 1048576K
}

Deoptimization events (0 events):
No events

Classes unloaded (0 events):
No events

Classes redefined (0 events):
No events

Internal exceptions (20 events):
Event: 5.635 Thread 0x000001b1350bf5f0 Exception <a 'java/lang/NoSuchMethodError'{0x0000000088a470f8}: 'void java.lang.invoke.DirectMethodHandle$Holder.invokeSpecial(java.lang.Object, java.lang.Object, java.lang.Object)'> (0x0000000088a470f8) 
thrown [s\open\src\hotspot\share\interpreter\linkResolver.cpp, line 759]
Event: 5.637 Thread 0x000001b1350bf5f0 Exception <a 'java/lang/NoSuchMethodError'{0x0000000088a4d640}: 'void java.lang.invoke.DirectMethodHandle$Holder.invokeSpecial(java.lang.Object, java.lang.Object, java.lang.Object, java.lang.Object, java.lang.Object)'> (0x0000000088a4d640) 
thrown [s\open\src\hotspot\share\interpreter\linkResolver.cpp, line 759]
Event: 5.651 Thread 0x000001b1350bf5f0 Exception <a 'java/lang/IncompatibleClassChangeError'{0x0000000088a7d258}: Found class java.lang.Object, but interface was expected> (0x0000000088a7d258) 
thrown [s\open\src\hotspot\share\interpreter\linkResolver.cpp, line 826]
Event: 5.686 Thread 0x000001b147cc7ff0 Exception <a 'java/lang/NoSuchMethodError'{0x0000000088806c10}: static [B.<clinit>()V> (0x0000000088806c10) 
thrown [s\open\src\hotspot\share\prims\jni.cpp, line 1107]
Event: 5.723 Thread 0x000001b147cc7ff0 Exception <a 'java/lang/ClassNotFoundException'{0x0000000088734d40}: javax/management/remote/rmi/RMIConnectionImpl_Skel> (0x0000000088734d40) 
thrown [s\open\src\hotspot\share\classfile\systemDictionary.cpp, line 256]
Event: 5.886 Thread 0x000001b147cc7ff0 Exception <a 'java/lang/reflect/InvocationTargetException'{0x00000000887fa460}> (0x00000000887fa460) 
thrown [s\open\src\hotspot\share\runtime\reflection.cpp, line 1121]
Event: 5.896 Thread 0x000001b147cc7ff0 Exception <a 'java/lang/NoSuchMethodError'{0x00000000882c9e20}: static [Ljava/lang/StackTraceElement;.<clinit>()V> (0x00000000882c9e20) 
thrown [s\open\src\hotspot\share\prims\jni.cpp, line 1107]
Event: 6.376 Thread 0x000001b1350bf5f0 Exception <a 'java/lang/NoSuchMethodError'{0x0000000088e7fde0}: 'int java.lang.invoke.DirectMethodHandle$Holder.invokeSpecial(java.lang.Object, java.lang.Object, java.lang.Object, java.lang.Object, java.lang.Object)'> (0x0000000088e7fde0) 
thrown [s\open\src\hotspot\share\interpreter\linkResolver.cpp, line 759]
Event: 6.386 Thread 0x000001b1350bf5f0 Exception <a 'java/lang/NoSuchMethodError'{0x0000000088e88a60}: 'void java.lang.invoke.DirectMethodHandle$Holder.invokeVirtual(java.lang.Object, java.lang.Object)'> (0x0000000088e88a60) 
thrown [s\open\src\hotspot\share\interpreter\linkResolver.cpp, line 759]
Event: 6.509 Thread 0x000001b147cc7ff0 Exception <a 'java/lang/reflect/InvocationTargetException'{0x0000000088b093e8}> (0x0000000088b093e8) 
thrown [s\open\src\hotspot\share\runtime\reflection.cpp, line 1121]
Event: 6.801 Thread 0x000001b1350bf5f0 Exception <a 'java/lang/OutOfMemoryError'{0x000000008847da60}> (0x000000008847da60) 
thrown [s\open\src\hotspot\share\prims\jni.cpp, line 535]
Event: 6.875 Thread 0x000001b1350bf5f0 Exception <a 'java/lang/NoClassDefFoundError'{0x0000000088261b58}: liquibase/exception/ChangeLogParseException> (0x0000000088261b58) 
thrown [s\open\src\hotspot\share\classfile\systemDictionary.cpp, line 245]
Event: 6.946 Thread 0x000001b1350bf5f0 Exception <a 'java/lang/NoSuchMethodError'{0x00000000881a0e60}: 'void java.lang.invoke.DirectMethodHandle$Holder.invokeInterface(java.lang.Object, java.lang.Object)'> (0x00000000881a0e60) 
thrown [s\open\src\hotspot\share\interpreter\linkResolver.cpp, line 759]
Event: 7.053 Thread 0x000001b147cc7ff0 Exception <a 'java/lang/reflect/InvocationTargetException'{0x0000000088b15ba8}> (0x0000000088b15ba8) 
thrown [s\open\src\hotspot\share\runtime\reflection.cpp, line 1121]
Event: 7.468 Thread 0x000001b147cc5000 Exception <a 'java/lang/NoSuchMethodError'{0x0000000087310030}: 'long java.lang.invoke.DirectMethodHandle$Holder.invokeSpecial(java.lang.Object, java.lang.Object)'> (0x0000000087310030) 
thrown [s\open\src\hotspot\share\interpreter\linkResolver.cpp, line 759]
Event: 7.475 Thread 0x000001b147cc5000 Exception <a 'java/lang/NoSuchMethodError'{0x000000008731b258}: 'long java.lang.invoke.DirectMethodHandle$Holder.invokeStatic(java.lang.Object, java.lang.Object)'> (0x000000008731b258) 
thrown [s\open\src\hotspot\share\interpreter\linkResolver.cpp, line 759]
Event: 7.475 Thread 0x000001b147cc5000 Exception <a 'java/lang/NoSuchMethodError'{0x000000008731e858}: 'long java.lang.invoke.DirectMethodHandle$Holder.invokeStaticInit(java.lang.Object, java.lang.Object)'> (0x000000008731e858) 
thrown [s\open\src\hotspot\share\interpreter\linkResolver.cpp, line 759]
Event: 7.480 Thread 0x000001b147cc5000 Exception <a 'java/lang/NoSuchMethodError'{0x000000008732c380}: 'long java.lang.invoke.DirectMethodHandle$Holder.invokeInterface(java.lang.Object, java.lang.Object)'> (0x000000008732c380) 
thrown [s\open\src\hotspot\share\interpreter\linkResolver.cpp, line 759]
Event: 7.481 Thread 0x000001b147cc5000 Exception <a 'java/lang/IncompatibleClassChangeError'{0x000000008732f910}: Found class java.lang.Object, but interface was expected> (0x000000008732f910) 
thrown [s\open\src\hotspot\share\interpreter\linkResolver.cpp, line 826]
Event: 7.512 Thread 0x000001b147cc5000 Exception <a 'java/lang/NoSuchMethodError'{0x00000000873a2a88}: 'java.lang.Object java.lang.invoke.DirectMethodHandle$Holder.invokeVirtual(java.lang.Object, java.lang.Object, java.lang.Object, java.lang.Object)'> (0x00000000873a2a88) 
thrown [s\open\src\hotspot\share\interpreter\linkResolver.cpp, line 759]

VM Operations (20 events):
Event: 5.240 Executing VM operation: HandshakeAllThreads
Event: 5.240 Executing VM operation: HandshakeAllThreads done
Event: 5.618 Executing VM operation: HandshakeAllThreads
Event: 5.618 Executing VM operation: HandshakeAllThreads done
Event: 5.618 Executing VM operation: Cleanup
Event: 5.618 Executing VM operation: Cleanup done
Event: 5.628 Executing VM operation: HandshakeAllThreads
Event: 5.628 Executing VM operation: HandshakeAllThreads done
Event: 5.719 Executing VM operation: HandshakeAllThreads
Event: 5.721 Executing VM operation: HandshakeAllThreads done
Event: 5.958 Executing VM operation: HandshakeAllThreads
Event: 5.958 Executing VM operation: HandshakeAllThreads done
Event: 6.093 Executing VM operation: G1CollectForAllocation
Event: 6.105 Executing VM operation: G1CollectForAllocation done
Event: 6.219 Executing VM operation: HandshakeAllThreads
Event: 6.219 Executing VM operation: HandshakeAllThreads done
Event: 6.336 Executing VM operation: HandshakeAllThreads
Event: 6.336 Executing VM operation: HandshakeAllThreads done
Event: 7.344 Executing VM operation: Cleanup
Event: 7.345 Executing VM operation: Cleanup done

Events (20 events):
Event: 6.870 loading class java/util/concurrent/atomic/AtomicLongArray
Event: 6.871 loading class java/util/concurrent/atomic/AtomicLongArray done
Event: 6.871 loading class java/lang/invoke/VarHandleLongs$Array
Event: 6.872 loading class java/lang/invoke/VarHandleLongs$Array done
Event: 6.873 loading class java/util/concurrent/atomic/AtomicReferenceArray
Event: 6.874 loading class java/util/concurrent/atomic/AtomicReferenceArray done
Event: 6.936 loading class java/security/AllPermissionCollection
Event: 6.936 loading class java/security/AllPermissionCollection done
Event: 6.949 Thread 0x000001b1350bf5f0 Thread exited: 0x000001b1350bf5f0
Event: 6.949 Thread 0x000001b18d65f1b0 Thread added: 0x000001b18d65f1b0
Event: 6.957 loading class sun/text/resources/cldr/FormatData_en
Event: 6.960 loading class sun/text/resources/cldr/FormatData_en done
Event: 6.961 loading class sun/text/resources/cldr/FormatData_en_US
Event: 6.961 loading class sun/text/resources/cldr/FormatData_en_US done
Event: 7.000 loading class java/io/CharArrayReader
Event: 7.001 loading class java/io/CharArrayReader done
Event: 7.036 Thread 0x000001b18d6605f0 Thread added: 0x000001b18d6605f0
Event: 7.061 Thread 0x000001b18d6605f0 Thread exited: 0x000001b18d6605f0
Event: 7.449 loading class java/util/regex/Pattern$Pos
Event: 7.449 loading class java/util/regex/Pattern$Pos done


Dynamic libraries:
0x00007ff6dbb30000 - 0x00007ff6dbb40000 	C:\Program Files\Java\jdk-17\bin\java.exe
0x00007fff07110000 - 0x00007fff07327000 	C:\WINDOWS\SYSTEM32\ntdll.dll
0x00007fff06470000 - 0x00007fff06534000 	C:\WINDOWS\System32\KERNEL32.DLL
0x00007fff04ab0000 - 0x00007fff04e56000 	C:\WINDOWS\System32\KERNELBASE.dll
0x00007fff04480000 - 0x00007fff04591000 	C:\WINDOWS\System32\ucrtbase.dll
0x00007ffef35d0000 - 0x00007ffef35eb000 	C:\Program Files\Java\jdk-17\bin\VCRUNTIME140.dll
0x00007ffef5e90000 - 0x00007ffef5ea9000 	C:\Program Files\Java\jdk-17\bin\jli.dll
0x00007fff06540000 - 0x00007fff065f3000 	C:\WINDOWS\System32\ADVAPI32.dll
0x00007fff06910000 - 0x00007fff069b7000 	C:\WINDOWS\System32\msvcrt.dll
0x00007fff05bc0000 - 0x00007fff05c68000 	C:\WINDOWS\System32\sechost.dll
0x00007fff04450000 - 0x00007fff04478000 	C:\WINDOWS\System32\bcrypt.dll
0x00007fff04f40000 - 0x00007fff05057000 	C:\WINDOWS\System32\RPCRT4.dll
0x00007fff050b0000 - 0x00007fff0525e000 	C:\WINDOWS\System32\USER32.dll
0x00007fff04700000 - 0x00007fff04726000 	C:\WINDOWS\System32\win32u.dll
0x00007fff05080000 - 0x00007fff050a9000 	C:\WINDOWS\System32\GDI32.dll
0x00007fff04910000 - 0x00007fff04a28000 	C:\WINDOWS\System32\gdi32full.dll
0x00007fff04660000 - 0x00007fff046fa000 	C:\WINDOWS\System32\msvcp_win.dll
0x00007ffeef280000 - 0x00007ffeef513000 	C:\WINDOWS\WinSxS\amd64_microsoft.windows.common-controls_6595b64144ccf1df_6.0.22621.2506_none_270c5ae97388e100\COMCTL32.dll
0x00007ffefd6a0000 - 0x00007ffefd6aa000 	C:\WINDOWS\SYSTEM32\VERSION.dll
0x00007fff06430000 - 0x00007fff06461000 	C:\WINDOWS\System32\IMM32.DLL
0x00007ffefa710000 - 0x00007ffefa71c000 	C:\Program Files\Java\jdk-17\bin\vcruntime140_1.dll
0x00007ffeddf20000 - 0x00007ffeddfae000 	C:\Program Files\Java\jdk-17\bin\msvcp140.dll
0x00007ffe78a50000 - 0x00007ffe7962f000 	C:\Program Files\Java\jdk-17\bin\server\jvm.dll
0x00007fff07060000 - 0x00007fff07068000 	C:\WINDOWS\System32\PSAPI.DLL
0x00007ffefdcc0000 - 0x00007ffefdcf4000 	C:\WINDOWS\SYSTEM32\WINMM.dll
0x00007ffefd4c0000 - 0x00007ffefd4c9000 	C:\WINDOWS\SYSTEM32\WSOCK32.dll
0x00007fff069f0000 - 0x00007fff06a61000 	C:\WINDOWS\System32\WS2_32.dll
0x00007fff03490000 - 0x00007fff034a8000 	C:\WINDOWS\SYSTEM32\kernel.appcore.dll
0x00007ffefa6e0000 - 0x00007ffefa6ea000 	C:\Program Files\Java\jdk-17\bin\jimage.dll
0x00007ffefc8c0000 - 0x00007ffefcaf3000 	C:\WINDOWS\SYSTEM32\DBGHELP.DLL
0x00007fff06bd0000 - 0x00007fff06f59000 	C:\WINDOWS\System32\combase.dll
0x00007fff04e60000 - 0x00007fff04f37000 	C:\WINDOWS\System32\OLEAUT32.dll
0x00007ffefc330000 - 0x00007ffefc362000 	C:\WINDOWS\SYSTEM32\dbgcore.DLL
0x00007fff04a30000 - 0x00007fff04aaa000 	C:\WINDOWS\System32\bcryptPrimitives.dll
0x00007ffef5e80000 - 0x00007ffef5e8e000 	C:\Program Files\Java\jdk-17\bin\instrument.dll
0x00007ffef3380000 - 0x00007ffef33a5000 	C:\Program Files\Java\jdk-17\bin\java.dll
0x00007ffecd5a0000 - 0x00007ffecd677000 	C:\Program Files\Java\jdk-17\bin\jsvml.dll
0x00007fff05260000 - 0x00007fff05abb000 	C:\WINDOWS\System32\SHELL32.dll
0x00007fff023b0000 - 0x00007fff02ca6000 	C:\WINDOWS\SYSTEM32\windows.storage.dll
0x00007fff02270000 - 0x00007fff023ae000 	C:\WINDOWS\SYSTEM32\wintypes.dll
0x00007fff06f60000 - 0x00007fff07053000 	C:\WINDOWS\System32\SHCORE.dll
0x00007fff06600000 - 0x00007fff0665e000 	C:\WINDOWS\System32\shlwapi.dll
0x00007fff04380000 - 0x00007fff043a6000 	C:\WINDOWS\SYSTEM32\profapi.dll
0x00007ffeeaf70000 - 0x00007ffeeaf88000 	C:\Program Files\Java\jdk-17\bin\zip.dll
0x00007ffef2770000 - 0x00007ffef2789000 	C:\Program Files\Java\jdk-17\bin\net.dll
0x00007ffefe190000 - 0x00007ffefe2c7000 	C:\WINDOWS\SYSTEM32\WINHTTP.dll
0x00007fff03910000 - 0x00007fff03979000 	C:\WINDOWS\system32\mswsock.dll
0x00007ffeeb0a0000 - 0x00007ffeeb0b6000 	C:\Program Files\Java\jdk-17\bin\nio.dll
0x00007ffee0c70000 - 0x00007ffee0c8a000 	D:\Program Files\IntelliJ IDEA 2023.2.5\bin\breakgen64.dll
0x00007fff02f80000 - 0x00007fff03079000 	C:\WINDOWS\SYSTEM32\DNSAPI.dll
0x00007fff02f50000 - 0x00007fff02f7d000 	C:\WINDOWS\SYSTEM32\IPHLPAPI.DLL
0x00007fff06280000 - 0x00007fff06289000 	C:\WINDOWS\System32\NSI.dll
0x00007ffefe4e0000 - 0x00007ffefe4ea000 	C:\Windows\System32\rasadhlp.dll
0x00007ffefd240000 - 0x00007ffefd2c3000 	C:\WINDOWS\System32\fwpuclnt.dll
0x00007ffef5e70000 - 0x00007ffef5e7a000 	C:\Program Files\Java\jdk-17\bin\management.dll
0x00007ffef3150000 - 0x00007ffef315b000 	C:\Program Files\Java\jdk-17\bin\management_ext.dll
0x00007fff03b60000 - 0x00007fff03b7b000 	C:\WINDOWS\SYSTEM32\CRYPTSP.dll
0x00007fff033f0000 - 0x00007fff03425000 	C:\WINDOWS\system32\rsaenh.dll
0x00007fff03a00000 - 0x00007fff03a2c000 	C:\WINDOWS\SYSTEM32\USERENV.dll
0x00007fff03b80000 - 0x00007fff03b8c000 	C:\WINDOWS\SYSTEM32\CRYPTBASE.dll
0x00007ffefe4f0000 - 0x00007ffefe509000 	C:\WINDOWS\SYSTEM32\dhcpcsvc6.DLL
0x00007ffefdf90000 - 0x00007ffefdfaf000 	C:\WINDOWS\SYSTEM32\dhcpcsvc.DLL
0x00007ffef3660000 - 0x00007ffef3677000 	C:\WINDOWS\system32\napinsp.dll
0x00007ffef3640000 - 0x00007ffef365b000 	C:\WINDOWS\system32\pnrpnsp.dll
0x00007ffef3620000 - 0x00007ffef3631000 	C:\WINDOWS\System32\winrnr.dll
0x00007ffefd800000 - 0x00007ffefd815000 	C:\WINDOWS\system32\wshbth.dll
0x00007ffef35f0000 - 0x00007ffef3611000 	C:\WINDOWS\system32\nlansp_c.dll

dbghelp: loaded successfully - version: 4.0.5 - missing functions: none
symbol engine: initialized successfully - sym options: 0x614 - pdb path: .;C:\Program Files\Java\jdk-17\bin;C:\WINDOWS\SYSTEM32;C:\WINDOWS\WinSxS\amd64_microsoft.windows.common-controls_6595b64144ccf1df_6.0.22621.2506_none_270c5ae97388e100;C:\Program Files\Java\jdk-17\bin\server;D:\Program Files\IntelliJ IDEA 2023.2.5\bin

VM Arguments:
jvm_args: -XX:TieredStopAtLevel=1 -Dspring.output.ansi.enabled=always -Dcom.sun.management.jmxremote -Dspring.jmx.enabled=true -Dspring.liveBeansView.mbeanDomain -Dspring.application.admin.enabled=true -Dmanagement.endpoints.jmx.exposure.include=* -javaagent:D:\Program Files\IntelliJ IDEA 2023.2.5\lib\idea_rt.jar=50834:D:\Program Files\IntelliJ IDEA 2023.2.5\bin -Dfile.encoding=UTF-8 
java_command: com.bezkoder.springjwt.SpringBootSecurityJwtApplication
java_class_path (initial): C:\Users\housi\Desktop\My treso\MytresoBackend\target\classes;C:\Users\housi\.m2\repository\org\springframework\boot\spring-boot-starter-data-jpa\3.1.0\spring-boot-starter-data-jpa-3.1.0.jar;C:\Users\housi\.m2\repository\org\springframework\boot\spring-boot-starter-aop\3.1.0\spring-boot-starter-aop-3.1.0.jar;C:\Users\housi\.m2\repository\org\aspectj\aspectjweaver\1.9.19\aspectjweaver-1.9.19.jar;C:\Users\housi\.m2\repository\org\springframework\boot\spring-boot-starter-jdbc\3.1.0\spring-boot-starter-jdbc-3.1.0.jar;C:\Users\housi\.m2\repository\com\zaxxer\HikariCP\5.0.1\HikariCP-5.0.1.jar;C:\Users\housi\.m2\repository\org\springframework\spring-jdbc\6.0.9\spring-jdbc-6.0.9.jar;C:\Users\housi\.m2\repository\org\hibernate\orm\hibernate-core\6.2.2.Final\hibernate-core-6.2.2.Final.jar;C:\Users\housi\.m2\repository\jakarta\persistence\jakarta.persistence-api\3.1.0\jakarta.persistence-api-3.1.0.jar;C:\Users\housi\.m2\repository\jakarta\transaction\jakarta.transaction-api\2.0.1\jakarta.transaction-api-2.0.1.jar;C:\Users\housi\.m2\repository\org\jboss\logging\jboss-logging\3.5.0.Final\jboss-logging-3.5.0.Final.jar;C:\Users\housi\.m2\repository\org\hibernate\common\hibernate-commons-annotations\6.0.6.Final\hibernate-commons-annotations-6.0.6.Final.jar;C:\Users\housi\.m2\repository\io\smallrye\jandex\3.0.5\jandex-3.0.5.jar;C:\Users\housi\.m2\repository\com\fasterxml\classmate\1.5.1\classmate-1.5.1.jar;C:\Users\housi\.m2\repository\net\bytebuddy\byte-buddy\1.14.4\byte-buddy-1.14.4.jar;C:\Users\housi\.m2\repository\org\glassfish\jaxb\jaxb-runtime\4.0.2\jaxb-runtime-4.0.2.jar;C:\Users\housi\.m2\repository\org\glassfish\jaxb\jaxb-core\4.0.2\jaxb-core-4.0.2.jar;C:\Users\housi\.m2\repository\org\eclipse\angus\angus-activation\2.0.0\angus-activation-2.0.0.jar;C:\Users\housi\.m2\repository\org\glassfish\jaxb\txw2\4.0.2\txw2-4.0.2.jar;C:\Users\housi\.m2\repository\com\sun\istack\istack-commons-runtime\4.1.1\istack-commons-runtime-4.1.1.jar;C:\Users\housi\.m2
Launcher Type: SUN_STANDARD

[Global flags]
     intx CICompilerCount                          = 4                                         {product} {ergonomic}
     uint ConcGCThreads                            = 2                                         {product} {ergonomic}
     uint G1ConcRefinementThreads                  = 8                                         {product} {ergonomic}
   size_t G1HeapRegionSize                         = 1048576                                   {product} {ergonomic}
    uintx GCDrainStackTargetSize                   = 64                                        {product} {ergonomic}
   size_t InitialHeapSize                          = 134217728                                 {product} {ergonomic}
     bool ManagementServer                         = true                                      {product} {command line}
   size_t MarkStackSize                            = 4194304                                   {product} {ergonomic}
   size_t MaxHeapSize                              = 2124414976                                {product} {ergonomic}
   size_t MaxNewSize                               = 1274019840                                {product} {ergonomic}
   size_t MinHeapDeltaBytes                        = 1048576                                   {product} {ergonomic}
   size_t MinHeapSize                              = 8388608                                   {product} {ergonomic}
    uintx NonProfiledCodeHeapSize                  = 0                                      {pd product} {ergonomic}
     bool ProfileInterpreter                       = false                                  {pd product} {command line}
    uintx ProfiledCodeHeapSize                     = 0                                      {pd product} {ergonomic}
   size_t SoftMaxHeapSize                          = 2124414976                             {manageable} {ergonomic}
     intx TieredStopAtLevel                        = 1                                         {product} {command line}
     bool UseCompressedClassPointers               = true                           {product lp64_product} {ergonomic}
     bool UseCompressedOops                        = true                           {product lp64_product} {ergonomic}
     bool UseG1GC                                  = true                                      {product} {ergonomic}
     bool UseLargePagesIndividualAllocation        = false                                  {pd product} {ergonomic}

Logging:
Log output configuration:
 #0: stdout all=warning uptime,level,tags
 #1: stderr all=off uptime,level,tags

Environment Variables:
PATH=C:\Program Files\Common Files\Oracle\Java\javapath;C:\Program Files (x86)\Common Files\Oracle\Java\javapath;C:\WINDOWS\system32;C:\WINDOWS;C:\WINDOWS\System32\Wbem;C:\WINDOWS\System32\WindowsPowerShell\v1.0\;C:\WINDOWS\System32\OpenSSH\;C:\Program Files\NVIDIA Corporation\NVIDIA NvDLISR;C:\Program Files (x86)\NVIDIA Corporation\PhysX\Common;D:\Program Files\Git\cmd;%NVM_HOME%;%NVM_SYMLINK%;C:\ProgramData\chocolatey\bin;C:\Program Files (x86)\Microsoft SQL Server\160\Tools\Binn\;C:\Program Files\Microsoft SQL Server\160\Tools\Binn\;C:\Program Files\Microsoft SQL Server\Client SDK\ODBC\170\Tools\Binn\;C:\Program Files\Microsoft SQL Server\160\DTS\Binn\;C:\Users\housi\AppData\Local\Programs\Python\Python310\Scripts\;C:\Users\housi\AppData\Local\Programs\Python\Python310\;C:\Users\housi\AppData\Local\Programs\Python\Launcher\;C:\Users\housi\AppData\Local\Microsoft\WindowsApps;D:\IntelliJ IDEA 2023.2.5\bin;;C:\Program Files\JetBrains\WebStorm 2023.2.5\bin;;D:\Program Files\Git\bin\;D:\Program Files\Git\cmd\;D:\wamp64\bin\php\php7.4.33;C:\Users\housi\AppData\Roaming\npm;C:\Users\housi\AppData\Roaming\nvm;C:\Program Files\nodejs
USERNAME=housi
OS=Windows_NT
PROCESSOR_IDENTIFIER=Intel64 Family 6 Model 142 Stepping 10, GenuineIntel



---------------  S Y S T E M  ---------------

OS:
 Windows 11 , 64 bit Build 22621 (10.0.22621.3085)
OS uptime: 6 days 9:16 hours

CPU: total 8 (initial active 8) (4 cores per cpu, 2 threads per core) family 6 model 142 stepping 10 microcode 0xe0, cx8, cmov, fxsr, ht, mmx, 3dnowpref, sse, sse2, sse3, ssse3, sse4.1, sse4.2, popcnt, lzcnt, tsc, tscinvbit, avx, avx2, aes, erms, clmul, bmi1, bmi2, adx, fma, vzeroupper, clflush, clflushopt

Memory: 4k page, system-wide physical 8101M (362M free)
TotalPageFile size 32677M (AvailPageFile size 242M)
current process WorkingSet (physical memory assigned to process): 112M, peak: 112M
current process commit charge ("private bytes"): 242M, peak: 242M

vm_info: Java HotSpot(TM) 64-Bit Server VM (17.0.10+11-LTS-240) for windows-amd64 JRE (17.0.10+11-LTS-240), built on Dec 19 2023 21:47:25 by "mach5one" with MS VC++ 17.1 (VS2022)

END.
